Removed Pin From Net: NetName=+5 Pin=L1-1
Removed Pin From Net: NetName=NetL1_2 Pin=L1-2
Removed Pin From Net: NetName=+5 Pin=L2-1
Removed Pin From Net: NetName=NetL2_2 Pin=L2-2
Removed Pin From Net: NetName=+5 Pin=L3-1
Removed Pin From Net: NetName=NetL3_2 Pin=L3-2
Removed Pin From Net: NetName=+5 Pin=L4-1
Removed Pin From Net: NetName=NetL4_2 Pin=L4-2
Removed Pin From Net: NetName=+5 Pin=L5-1
Removed Pin From Net: NetName=NetL5_2 Pin=L5-2
Removed Pin From Net: NetName=NetL6_1 Pin=L6-1
Removed Pin From Net: NetName=NetL6_2 Pin=L6-2
Change Component Comment : Designator=Y1 Old Comment=16MHz, 10 pf New Comment=16MHz
Change Component Comment : Designator=Y2 Old Comment=16MHz, 10 pf New Comment=16MHz
Change Component Comment : Designator=L4 Old Comment=AMS New Comment=Red
Change Component Comment : Designator=L5 Old Comment=IMD New Comment=Red
Change Component Comment : Designator=L2 Old Comment=MC New Comment=Red
Change Component Comment : Designator=L3 Old Comment=MODE New Comment=Green
Change Component Comment : Designator=L6 Old Comment=SSOK New Comment=Amber
Change Component Comment : Designator=L1 Old Comment=START New Comment=Blue
Added Room: Name=Dashboard
