Update Managed Component C1 From CMP-03422-000030-1[CC0603KRX7R7BB104] To CMP-03422-000030-1[CC0603KRX7R7BB104] in Dashboard.SchDoc
Update Managed Component C2 From CMP-03422-000030-1[CC0603KRX7R7BB104] To CMP-03422-000030-1[CC0603KRX7R7BB104] in Dashboard.SchDoc
Update Managed Component C3 From CMP-03422-000030-1[CC0603KRX7R7BB104] To CMP-03422-000030-1[CC0603KRX7R7BB104] in Dashboard.SchDoc
Update Managed Component C4 From CMP-03422-001178-1[CC0603KRX7R8BB223] To CMP-03422-001178-1[CC0603KRX7R8BB223] in Dashboard.SchDoc
Update Managed Component C5 From CMP-03422-000030-1[CC0603KRX7R7BB104] To CMP-03422-000030-1[CC0603KRX7R7BB104] in Dashboard.SchDoc
Update Managed Component C6 From CMP-03422-000030-1[CC0603KRX7R7BB104] To CMP-03422-000030-1[CC0603KRX7R7BB104] in Dashboard.SchDoc
Update Managed Component C7 From CMP-03422-000030-1[CC0603KRX7R7BB104] To CMP-03422-000030-1[CC0603KRX7R7BB104] in Dashboard.SchDoc
Update Managed Component C8 From CMP-03422-000030-1[CC0603KRX7R7BB104] To CMP-03422-000030-1[CC0603KRX7R7BB104] in Dashboard.SchDoc
Update Managed Component C9 From CMP-03422-000924-1[CC0603KRX7R7BB105] To CMP-03422-000924-1[CC0603KRX7R7BB105] in Dashboard.SchDoc
Update Managed Component C10 From CMP-2006-04659-1[06032U150GAT2A] To CMP-2006-04659-1[06032U150GAT2A] in Dashboard.SchDoc
Update Managed Component C11 From CMP-2006-04659-1[06032U150GAT2A] To CMP-2006-04659-1[06032U150GAT2A] in Dashboard.SchDoc
Update Managed Component C12 From CMP-03422-000924-1[CC0603KRX7R7BB105] To CMP-03422-000924-1[CC0603KRX7R7BB105] in Dashboard.SchDoc
Update Managed Component C13 From CMP-03422-000030-1[CC0603KRX7R7BB104] To CMP-03422-000030-1[CC0603KRX7R7BB104] in Dashboard.SchDoc
Update Managed Component C14 From CMP-2006-04659-1[06032U150GAT2A] To CMP-2006-04659-1[06032U150GAT2A] in Dashboard.SchDoc
Update Managed Component C15 From CMP-2006-04659-1[06032U150GAT2A] To CMP-2006-04659-1[06032U150GAT2A] in Dashboard.SchDoc
Update Managed Component D1 From CMP-1060-01202-1[MMBZ5261ELT1G] To CMP-1060-01202-1[MMBZ5261ELT1G] in Dashboard.SchDoc
Replace Part IC1 DIODES INC MOSFET N-CH SOT-23-3 in C:\Users\ethan\Documents\GitHub\hytech-racing\circuits-2020\Altium Board Designs\Dashboard\Dashboard.SchDoc with DIODES INC MOSFET N-CH SOT-23-3 from Celestial Altium Library - altium_library.DbLib
Replace Part IC2 DIODES INC MOSFET N-CH SOT-23-3 in C:\Users\ethan\Documents\GitHub\hytech-racing\circuits-2020\Altium Board Designs\Dashboard\Dashboard.SchDoc with DIODES INC MOSFET N-CH SOT-23-3 from Celestial Altium Library - altium_library.DbLib
Replace Part IC3 DIODES INC MOSFET N-CH SOT-23-3 in C:\Users\ethan\Documents\GitHub\hytech-racing\circuits-2020\Altium Board Designs\Dashboard\Dashboard.SchDoc with DIODES INC MOSFET N-CH SOT-23-3 from Celestial Altium Library - altium_library.DbLib
Replace Part IC4 DIODES INC MOSFET N-CH SOT-23-3 in C:\Users\ethan\Documents\GitHub\hytech-racing\circuits-2020\Altium Board Designs\Dashboard\Dashboard.SchDoc with DIODES INC MOSFET N-CH SOT-23-3 from Celestial Altium Library - altium_library.DbLib
Replace Part IC5 DIODES INC MOSFET N-CH SOT-23-3 in C:\Users\ethan\Documents\GitHub\hytech-racing\circuits-2020\Altium Board Designs\Dashboard\Dashboard.SchDoc with DIODES INC MOSFET N-CH SOT-23-3 from Celestial Altium Library - altium_library.DbLib
Replace Part IC6 DIODES INC MOSFET N-CH SOT-23-3 in C:\Users\ethan\Documents\GitHub\hytech-racing\circuits-2020\Altium Board Designs\Dashboard\Dashboard.SchDoc with DIODES INC MOSFET N-CH SOT-23-3 from Celestial Altium Library - altium_library.DbLib
Replace Part J1 AVR-ISP_Header in C:\Users\ethan\Documents\GitHub\hytech-racing\circuits-2020\Altium Board Designs\Dashboard\Dashboard.SchDoc with AVR-ISP_Header from HyTechDevicesAltium.IntLib
Replace Part L1 LED - Blue Xlamp in C:\Users\ethan\Documents\GitHub\hytech-racing\circuits-2020\Altium Board Designs\Dashboard\Dashboard.SchDoc with LED - Blue Xlamp from HyTechDevicesAltium.IntLib
Replace Part L2 LED - Red XLlamp in C:\Users\ethan\Documents\GitHub\hytech-racing\circuits-2020\Altium Board Designs\Dashboard\Dashboard.SchDoc with LED - Red XLlamp from HyTechDevicesAltium.IntLib
Replace Part L3 LED - Green Xlamp in C:\Users\ethan\Documents\GitHub\hytech-racing\circuits-2020\Altium Board Designs\Dashboard\Dashboard.SchDoc with LED - Green Xlamp from HyTechDevicesAltium.IntLib
Replace Part L4 LED - Red XLlamp in C:\Users\ethan\Documents\GitHub\hytech-racing\circuits-2020\Altium Board Designs\Dashboard\Dashboard.SchDoc with LED - Red XLlamp from HyTechDevicesAltium.IntLib
Replace Part L5 LED - Red XLlamp in C:\Users\ethan\Documents\GitHub\hytech-racing\circuits-2020\Altium Board Designs\Dashboard\Dashboard.SchDoc with LED - Red XLlamp from HyTechDevicesAltium.IntLib
Replace Part L6 LED - Amber Xlamp in C:\Users\ethan\Documents\GitHub\hytech-racing\circuits-2020\Altium Board Designs\Dashboard\Dashboard.SchDoc with LED - Amber Xlamp from HyTechDevicesAltium.IntLib
Update Managed Component R1 From CMP-2100-03664-1[RC0603FR-0710KL] To CMP-2100-03664-1[RC0603FR-0710KL] in Dashboard.SchDoc
Update Managed Component R2 From CMP-2100-03664-1[RC0603FR-0710KL] To CMP-2100-03664-1[RC0603FR-0710KL] in Dashboard.SchDoc
Update Managed Component R3 From CMP-2000-03845-1[CRCW060310R0FKEA] To CMP-2000-03845-1[CRCW060310R0FKEA] in Dashboard.SchDoc
Replace Part R4 Resistor in C:\Users\ethan\Documents\GitHub\hytech-racing\circuits-2020\Altium Board Designs\Dashboard\Dashboard.SchDoc with Resistor from Celestial Altium Library - altium_library.DbLib
Update Managed Component R5 From CMP-2000-03845-1[CRCW060310R0FKEA] To CMP-2000-03845-1[CRCW060310R0FKEA] in Dashboard.SchDoc
Replace Part R6 Resistor Array (8 Circuit) in C:\Users\ethan\Documents\GitHub\hytech-racing\circuits-2020\Altium Board Designs\Dashboard\Dashboard.SchDoc with Resistor Array (8 Circuit) from Celestial Altium Library - altium_library.DbLib
Replace Part R7 Resistor in C:\Users\ethan\Documents\GitHub\hytech-racing\circuits-2020\Altium Board Designs\Dashboard\Dashboard.SchDoc with Resistor from Celestial Altium Library - altium_library.DbLib
Replace Part R8 Resistor in C:\Users\ethan\Documents\GitHub\hytech-racing\circuits-2020\Altium Board Designs\Dashboard\Dashboard.SchDoc with Resistor from Celestial Altium Library - altium_library.DbLib
Replace Part R9 Resistor in C:\Users\ethan\Documents\GitHub\hytech-racing\circuits-2020\Altium Board Designs\Dashboard\Dashboard.SchDoc with Resistor from Celestial Altium Library - altium_library.DbLib
Update Managed Component U1 From CMP-0095-00269-2[ATmega328P-AU] To CMP-0095-00269-2[ATmega328P-AU] in Dashboard.SchDoc
Update Managed Component U2 From CMP-0062-01784-3[LM340MP-5.0/NOPB] To CMP-0062-01784-3[LM340MP-5.0/NOPB] in Dashboard.SchDoc
Update Managed Component U3 From CMP-0186-00138-2[MCP2551-I/SN] To CMP-0186-00138-2[MCP2551-I/SN] in Dashboard.SchDoc
Update Managed Component U4 From CMP-0186-00077-2[MCP2515-I/ST] To CMP-0186-00077-2[MCP2515-I/ST] in Dashboard.SchDoc
Replace Part X1 Nano-Fit Vertical 6 in C:\Users\ethan\Documents\GitHub\hytech-racing\circuits-2020\Altium Board Designs\Dashboard\Dashboard.SchDoc with Nano-Fit Vertical 6 from HyTechDevicesAltium.IntLib
Replace Part X2 Nano-Fit Vertical 8 in C:\Users\ethan\Documents\GitHub\hytech-racing\circuits-2020\Altium Board Designs\Dashboard\Dashboard.SchDoc with Nano-Fit Vertical 8 from HyTechDevicesAltium.IntLib
Replace Part Y1 NDK Crystal NX3225SA in C:\Users\ethan\Documents\GitHub\hytech-racing\circuits-2020\Altium Board Designs\Dashboard\Dashboard.SchDoc with NDK Crystal NX3225SA from Celestial Altium Library - altium_library.DbLib
Replace Part Y2 NDK Crystal NX3225SA in C:\Users\ethan\Documents\GitHub\hytech-racing\circuits-2020\Altium Board Designs\Dashboard\Dashboard.SchDoc with NDK Crystal NX3225SA from Celestial Altium Library - altium_library.DbLib
Replace Part Z1 MMBZ5245BTS-7-F in C:\Users\ethan\Documents\GitHub\hytech-racing\circuits-2020\Altium Board Designs\Dashboard\Dashboard.SchDoc with MMBZ5245BTS-7-F from HyTechDevicesAltium.IntLib
Replace Part Z2 MMBZ5245BTS-7-F in C:\Users\ethan\Documents\GitHub\hytech-racing\circuits-2020\Altium Board Designs\Dashboard\Dashboard.SchDoc with MMBZ5245BTS-7-F from HyTechDevicesAltium.IntLib
